<?xml version="1.0" encoding="UTF-8"?>
<!-- Generated by org.testng.reporters.JUnitXMLReporter -->
<testsuite ignored="1" hostname="Rakshitas-MacBook-Pro.local" failures="0" tests="1" name="Login Test Two" time="6.156" errors="0" timestamp="2021-05-22T23:36:13 IST">
  <testcase classname="Login.LoginTest" name="testFailureMessageOnInvalidLogin" time="1.749"/>
  <testcase classname="Login.LoginTest" name="testSuccessfulMessageOnValidLoginAndLogout" time="0.0">
    <ignored/>
  </testcase> <!-- testSuccessfulMessageOnValidLoginAndLogout -->
</testsuite> <!-- Login Test Two -->
